CREATE TABLE new_table (id INT, name VARCHAR(50))
SELECT * FROM users
INSERT INTO users (name, age) VALUES ('Test', 25)
CREATE TABLE test_table (id INT, name VARCHAR(50))э
CREATE TABLE test_table (id INT, name VARCHAR(50))
UPDATE users SET age = 30 WHERE name = 'Test'
DELETE FROM users WHERE name = 'Test'
SELECT * FROM users;
SHOW DATABASES;
use test_bd
use test_db
use test_db;
 show tables;
describe users;
select * from users;
insert into users (name, age) values ('Петров Петр', 20);
insert into users (name, age) values ('Petrov Petr', 20);
UPDATE users SET name = 'Ivan Ivanov' WHERE id = 1;
UPDATE users SET name = 'Ivanov Ivan' WHERE id = 1;
UPDATE users SET name = 'Maximov Maxim' WHERE id = 2;
UPDATE users SET name = 'Pavlov Pavel' WHERE id = 3;
SHOW DATABASES;
USE test_db;
SHOW TABLES;
DESCRIBE users;
SELECT * FROM users;
INSERT INTO users (name, age) VALUES ('Dmitry Dmitrov', 40);
UPDATE users SET age = 26 WHERE name = 'Ivanov Ivan';
SELECT * FROM users;
SHOW DATABASES;
USE test_db;
SHOW TABLES;
DESCRIBE users;
SELECT * FROM users;
UPDATE users SET age = 26 WHERE age IN (30, 35);
SELECT * FROM users;
SELECT * FROM users;
INSERT INTO users (name, age) VALUES ('Dmit', 40);
SELECT * FROM users;
select *
SHOW DATABASES;
CREATE TABLE IF NOT EXISTS users (id INT AUTO_INCREMENT PRIMARY KEY, name VARCHAR(100) NOT NULL, email VARCHAR(100) UNIQUE NOT NULL, created_at TIMESTAMP DEFAULT CURRENT_TIMESTAMP)
SHOW TABLES
DESCRIBE users
SELECT * FROM users
INSERT INTO users (name, email, created_at) VALUES ('Alexey', '111', NOW())
SELECT * FROM users
CREATE TABLE IF NOT EXISTS users (id INT AUTO_INCREMENT PRIMARY KEY, name VARCHAR(100) NOT NULL, email VARCHAR(100) UNIQUE NOT NULL, created_at TIMESTAMP DEFAULT CURRENT_TIMESTAMP)
SHOW TABLES
CREATE TABLE IF NOT EXISTS users (id INT AUTO_INCREMENT PRIMARY KEY, name VARCHAR(100) NOT NULL, email VARCHAR(100) UNIQUE NOT NULL, created_at TIMESTAMP DEFAULT CURRENT_TIMESTAMP)
SHOW TABLES
DESCRIBE users
SELECT * FROM users
INSERT INTO users (name, age) VALUES ('Max', 22)
SELECT * FROM users
DELETE FROM users WHERE id = 6
SELECT * FROM users
DELETE FROM users WHERE id = 7
SELECT * FROM users
SELECT VERSION() as DatabaseVersion
SELECT DATABASE() as CurrentDatabase
CREATE TABLE IF NOT EXISTS users (id INT AUTO_INCREMENT PRIMARY KEY, name VARCHAR(100) NOT NULL, email VARCHAR(100) UNIQUE NOT NULL, created_at TIMESTAMP DEFAULT CURRENT_TIMESTAMP)
SHOW TABLES
DESCRIBE users
CREATE TABLE IF NOT EXISTS users (id INT AUTO_INCREMENT PRIMARY KEY, name VARCHAR(100) NOT NULL, email VARCHAR(100) UNIQUE NOT NULL, created_at TIMESTAMP DEFAULT CURRENT_TIMESTAMP)
SHOW TABLES
DESCRIBE users
SELECT * FROM users
DELETE FROM users WHERE id = 5
SELECT * FROM users
INSERT INTO users (name, age) VALUES ('Dmitry', 40)
DELETE FROM users WHERE id = 4
SELECT * FROM users
INSERT INTO users (name, age) VALUES ('Petrov', 20)
SELECT * FROM users
CREATE TABLE IF NOT EXISTS users (id INT AUTO_INCREMENT PRIMARY KEY, name VARCHAR(100) NOT NULL, email VARCHAR(100) UNIQUE NOT NULL, created_at TIMESTAMP DEFAULT CURRENT_TIMESTAMP)
SELECT * FROM users
DELETE FROM users WHERE id = 9
INSERT INTO users (name, age) VALUES ('Petrov Petr', 20)
SELECT * FROM users
DELETE FROM users WHERE id = 8
INSERT INTO users (name, age) VALUES ('Dmitry Dmitrov', 40)
SELECT * FROM users
SELECT VERSION() as DatabaseVersion
SELECT DATABASE() as CurrentDatabase
CREATE TABLE IF NOT EXISTS users (id INT AUTO_INCREMENT PRIMARY KEY, name VARCHAR(100) NOT NULL, email VARCHAR(100) UNIQUE NOT NULL, created_at TIMESTAMP DEFAULT CURRENT_TIMESTAMP)
SHOW TABLES
DESCRIBE users
SELECT * FROM users
SELECT VERSION() as DatabaseVersion
SELECT DATABASE() as CurrentDatabase
DELETE FROM users WHERE id = 11
SELECT * FROM users
INSERT INTO users (name, age) VALUES ('Dmitry Dmitrov', 40)
SELECT * FROM users
CREATE TABLE IF NOT EXISTS users (id INT AUTO_INCREMENT PRIMARY KEY, name VARCHAR(100) NOT NULL, email VARCHAR(100) UNIQUE NOT NULL, created_at TIMESTAMP DEFAULT CURRENT_TIMESTAMP)
SHOW TABLES
DESCRIBE users
SELECT * FROM users
CREATE TABLE IF NOT EXISTS users (id INT AUTO_INCREMENT PRIMARY KEY, name VARCHAR(100) NOT NULL, email VARCHAR(100) UNIQUE NOT NULL, created_at TIMESTAMP DEFAULT CURRENT_TIMESTAMP)
SHOW TABLES
DESCRIBE users
SELECT * FROM users
INSERT INTO users (name, age) VALUES ('Katya', 23)
SELECT * FROM users
DELETE FROM users WHERE id = 13
SELECT * FROM users
SELECT VERSION() as DatabaseVersion
SELECT DATABASE() as CurrentDatabase
SHOW TABLES
CREATE TABLE IF NOT EXISTS users (id INT AUTO_INCREMENT PRIMARY KEY, name VARCHAR(100) NOT NULL, email VARCHAR(100) UNIQUE NOT NULL, created_at TIMESTAMP DEFAULT CURRENT_TIMESTAMP)
SHOW TABLES
DESCRIBE user
DESCRIBE users
SELECT * FROM users
