[Fri Oct 17 21:50:34 2025] Server starting...
[Fri Oct 17 21:50:34 2025] Server listening for connections
[Mon Oct 20 21:25:48 2025] Server starting...
[Mon Oct 20 21:25:48 2025] Server listening for connections
[Mon Oct 20 21:26:36 2025] New client thread created
[Mon Oct 20 21:26:47 2025] Server starting...
[Mon Oct 20 21:26:47 2025] Server listening for connections
[Mon Oct 20 21:26:53 2025] New client thread created
[Mon Oct 20 21:28:59 2025] Server starting...
[Mon Oct 20 21:28:59 2025] Server listening for connections
[Mon Oct 20 21:29:08 2025] New client thread created
[Mon Oct 20 21:31:11 2025] === Server starting ===
[Mon Oct 20 21:31:11 2025] WSAStartup OK
[Mon Oct 20 21:31:11 2025] Socket created
[Mon Oct 20 21:31:11 2025] Bind OK
[Mon Oct 20 21:31:11 2025] Listen OK
[Mon Oct 20 21:31:11 2025] Server ready for connections
[Mon Oct 20 21:31:11 2025] Waiting for connections...
[Mon Oct 20 21:31:17 2025] === Server starting ===
[Mon Oct 20 21:31:17 2025] WSAStartup OK
[Mon Oct 20 21:31:17 2025] Socket created
[Mon Oct 20 21:31:17 2025] Bind OK
[Mon Oct 20 21:31:17 2025] Listen OK
[Mon Oct 20 21:31:17 2025] Server ready for connections
[Mon Oct 20 21:31:17 2025] Waiting for connections...
[Mon Oct 20 21:31:22 2025] New connection accepted
[Mon Oct 20 21:31:22 2025] Client thread created successfully
[Mon Oct 20 21:31:22 2025] ClientHandler thread started
[Mon Oct 20 21:31:22 2025] Using mock MySQL session
[Mon Oct 20 21:31:22 2025] Waiting for connections...
[Mon Oct 20 21:31:22 2025] Waiting for client data...
[Mon Oct 20 21:32:00 2025] Received: CREATE TABLE new_table (id INT, name VARCHAR(50))
[Mon Oct 20 21:32:00 2025] Executing query: CREATE TABLE new_table (id INT, name VARCHAR(50))
[Mon Oct 20 21:32:00 2025] Sending response...
[Mon Oct 20 21:32:00 2025] Response sent successfully
[Mon Oct 20 21:32:00 2025] Waiting for client data...
[Mon Oct 20 21:33:15 2025] Read error
[Mon Oct 20 21:33:15 2025] ClientHandler thread finished
[Mon Oct 20 21:34:36 2025] === Server starting ===
[Mon Oct 20 21:34:36 2025] WSAStartup OK
[Mon Oct 20 21:34:36 2025] Socket created
[Mon Oct 20 21:34:36 2025] Bind OK
[Mon Oct 20 21:34:36 2025] Listen OK
[Mon Oct 20 21:34:36 2025] Server ready for connections
[Mon Oct 20 21:34:36 2025] Waiting for connections...
[Mon Oct 20 21:34:38 2025] New connection accepted
[Mon Oct 20 21:34:38 2025] Client thread created successfully
[Mon Oct 20 21:34:38 2025] ClientHandler thread started
[Mon Oct 20 21:34:38 2025] Back to accept loop
[Mon Oct 20 21:34:38 2025] Waiting for connections...
[Mon Oct 20 21:34:38 2025] Waiting for client data...
[Mon Oct 20 21:34:56 2025] Received: CREATE TABLE new_table (id INT, name VARCHAR(50))
[Mon Oct 20 21:34:56 2025] Executing query: CREATE TABLE new_table (id INT, name VARCHAR(50))
[Mon Oct 20 21:34:56 2025] Sending response...
[Mon Oct 20 21:34:56 2025] Response sent successfully
[Mon Oct 20 21:34:56 2025] Waiting for client data...
[Mon Oct 20 21:35:10 2025] Read error
[Mon Oct 20 21:35:10 2025] ClientHandler thread finished
[Mon Oct 20 21:42:05 2025] === Server starting ===
[Mon Oct 20 21:42:05 2025] WSAStartup OK
[Mon Oct 20 21:42:05 2025] Socket created
[Mon Oct 20 21:42:05 2025] Bind OK
[Mon Oct 20 21:42:05 2025] Listen OK
[Mon Oct 20 21:42:05 2025] Server ready for connections
[Mon Oct 20 21:42:05 2025] Waiting for connections...
[Mon Oct 20 21:42:14 2025] New connection accepted
[Mon Oct 20 21:42:14 2025] Client thread created successfully
[Mon Oct 20 21:42:14 2025] Back to accept loop
[Mon Oct 20 21:42:14 2025] Waiting for connections...
[Mon Oct 20 21:42:14 2025] ClientHandler thread started
[Mon Oct 20 21:42:14 2025] Attempting to create REAL MySQL session...
[Mon Oct 20 21:58:07 2025] === Server starting (MySQL DLL MOCK) ===
[Mon Oct 20 21:58:07 2025] WSAStartup OK
[Mon Oct 20 21:58:07 2025] Socket created
[Mon Oct 20 21:58:07 2025] Bind OK
[Mon Oct 20 21:58:07 2025] Listen OK
[Mon Oct 20 21:58:07 2025] Server ready for connections
[Mon Oct 20 21:58:07 2025] Waiting for connections...
[Mon Oct 20 21:58:16 2025] New connection accepted
[Mon Oct 20 21:58:16 2025] Client thread created successfully
[Mon Oct 20 21:58:16 2025] Back to accept loop
[Mon Oct 20 21:58:16 2025] ClientHandler thread started
[Mon Oct 20 21:58:16 2025] Waiting for connections...
[Mon Oct 20 21:58:16 2025] Creating MOCK MySQL session (using DLL files)
[Mon Oct 20 21:58:16 2025] Mock MySQL session created for client
[Mon Oct 20 21:58:16 2025] Waiting for client data...
[Mon Oct 20 21:58:48 2025] Received query
[Mon Oct 20 21:58:48 2025] Executing MOCK query with DLL MySQL
[Mon Oct 20 21:58:48 2025] Sending response...
[Mon Oct 20 21:58:48 2025] Response sent successfully
[Mon Oct 20 21:58:48 2025] Waiting for client data...
[Mon Oct 20 22:00:25 2025] Received query
[Mon Oct 20 22:00:25 2025] Executing MOCK query with DLL MySQL
[Mon Oct 20 22:00:25 2025] Sending response...
[Mon Oct 20 22:00:25 2025] Response sent successfully
[Mon Oct 20 22:00:25 2025] Waiting for client data...
[Mon Oct 20 22:00:35 2025] Received query
[Mon Oct 20 22:00:35 2025] Executing MOCK query with DLL MySQL
[Mon Oct 20 22:00:35 2025] Sending response...
[Mon Oct 20 22:00:35 2025] Response sent successfully
[Mon Oct 20 22:00:35 2025] Waiting for client data...
[Mon Oct 20 22:00:43 2025] Received query
[Mon Oct 20 22:00:43 2025] Executing MOCK query with DLL MySQL
[Mon Oct 20 22:00:43 2025] Sending response...
[Mon Oct 20 22:00:43 2025] Response sent successfully
[Mon Oct 20 22:00:43 2025] Waiting for client data...
[Mon Oct 20 22:00:46 2025] Received query
[Mon Oct 20 22:00:46 2025] Executing MOCK query with DLL MySQL
[Mon Oct 20 22:00:46 2025] Sending response...
[Mon Oct 20 22:00:46 2025] Response sent successfully
[Mon Oct 20 22:00:46 2025] Waiting for client data...
[Mon Oct 20 22:00:56 2025] Received query
[Mon Oct 20 22:00:56 2025] Executing MOCK query with DLL MySQL
[Mon Oct 20 22:00:56 2025] Sending response...
[Mon Oct 20 22:00:56 2025] Response sent successfully
[Mon Oct 20 22:00:56 2025] Waiting for client data...
[Mon Oct 20 22:01:04 2025] Received query
[Mon Oct 20 22:01:04 2025] Executing MOCK query with DLL MySQL
[Mon Oct 20 22:01:04 2025] Sending response...
[Mon Oct 20 22:01:04 2025] Response sent successfully
[Mon Oct 20 22:01:04 2025] Waiting for client data...
[Mon Oct 20 22:09:55 2025] Read error
[Mon Oct 20 22:09:55 2025] ClientHandler thread finished
[Tue Oct 21 10:08:32 2025] === Server starting (Real MySQL) ===
[Tue Oct 21 10:08:32 2025] WSAStartup OK
[Tue Oct 21 10:08:32 2025] Socket created
[Tue Oct 21 10:08:32 2025] Bind OK
[Tue Oct 21 10:08:32 2025] Listen OK
[Tue Oct 21 10:08:32 2025] Server ready for connections
[Tue Oct 21 10:08:32 2025] Waiting for connections...
[Tue Oct 21 10:08:40 2025] New connection accepted
[Tue Oct 21 10:08:40 2025] Client thread created successfully
[Tue Oct 21 10:08:40 2025] Waiting for connections...
[Tue Oct 21 10:08:40 2025] ClientHandler thread started
[Tue Oct 21 10:08:40 2025] Creating real MySQL session...
[Tue Oct 21 10:08:43 2025] MySQL Connection Error: Unable to connect to Øå¿®F:3306 (Error code: -1363163152)
[Tue Oct 21 10:08:43 2025] Failed to create MySQL session
[Tue Oct 21 10:18:30 2025] === Server starting (Real MySQL) ===
[Tue Oct 21 10:18:30 2025] WSAStartup OK
[Tue Oct 21 10:18:30 2025] Socket created
[Tue Oct 21 10:18:30 2025] Bind OK
[Tue Oct 21 10:18:30 2025] Listen OK
[Tue Oct 21 10:18:30 2025] Server ready for connections
[Tue Oct 21 10:18:30 2025] Waiting for connections...
[Tue Oct 21 10:18:35 2025] New connection accepted
[Tue Oct 21 10:18:35 2025] Client thread created successfully
[Tue Oct 21 10:18:35 2025] ClientHandler thread started
[Tue Oct 21 10:18:35 2025] Waiting for connections...
[Tue Oct 21 10:18:35 2025] Creating real MySQL session...
[Tue Oct 21 10:18:35 2025] MySQL Connection Error: Unable to connect to èâÿ°*:3306 (Error code: -1325415168)
[Tue Oct 21 10:18:35 2025] Failed to create MySQL session
[Tue Oct 21 10:24:42 2025] === Server starting (MySQL Connector/C++ 9.4) ===
[Tue Oct 21 10:24:42 2025] WSAStartup OK
[Tue Oct 21 10:24:42 2025] Socket created
[Tue Oct 21 10:24:42 2025] Bind OK
[Tue Oct 21 10:24:42 2025] Listen OK
[Tue Oct 21 10:24:42 2025] Server ready for connections
[Tue Oct 21 10:24:42 2025] Waiting for connections...
[Tue Oct 21 10:24:47 2025] New connection accepted
[Tue Oct 21 10:24:47 2025] Client thread created successfully
[Tue Oct 21 10:24:47 2025] Waiting for connections...
[Tue Oct 21 10:24:47 2025] ClientHandler thread started
[Tue Oct 21 10:24:47 2025] Creating MySQL session with Connector/C++ 9.4...
[Tue Oct 21 10:24:47 2025] MySQL Connection Error: Unable to connect to ã“Å:3306 (Error code: -1820342816)
[Tue Oct 21 10:24:47 2025] Failed to create MySQL session
[Tue Oct 21 10:26:12 2025] === Server starting (MySQL Connector/C++ 9.4) ===
[Tue Oct 21 10:26:12 2025] WSAStartup OK
[Tue Oct 21 10:26:12 2025] Socket created
[Tue Oct 21 10:26:12 2025] Bind OK
[Tue Oct 21 10:26:12 2025] Listen OK
[Tue Oct 21 10:26:12 2025] Server ready for connections
[Tue Oct 21 10:26:12 2025] Waiting for connections...
[Tue Oct 21 10:26:19 2025] New connection accepted
[Tue Oct 21 10:26:19 2025] Client thread created successfully
[Tue Oct 21 10:26:19 2025] Waiting for connections...
[Tue Oct 21 10:26:19 2025] ClientHandler thread started
[Tue Oct 21 10:26:19 2025] Creating MySQL session...
[Tue Oct 21 10:26:19 2025] Connecting to MySQL server...
[Tue Oct 21 10:26:19 2025] MySQL Connection Error: Unable to connect to å_1K:3306 (Error code: 0)
[Tue Oct 21 10:26:19 2025] Failed to create MySQL session
[Tue Oct 21 10:27:20 2025] === Server starting (MySQL Connector/C++ 9.4) ===
[Tue Oct 21 10:27:20 2025] WSAStartup OK
[Tue Oct 21 10:27:20 2025] Socket created
[Tue Oct 21 10:27:20 2025] Bind OK
[Tue Oct 21 10:27:20 2025] Listen OK
[Tue Oct 21 10:27:20 2025] Server ready for connections
[Tue Oct 21 10:27:20 2025] Waiting for connections...
[Tue Oct 21 10:27:24 2025] New connection accepted
[Tue Oct 21 10:27:24 2025] Client thread created successfully
[Tue Oct 21 10:27:24 2025] ClientHandler thread started
[Tue Oct 21 10:27:24 2025] Waiting for connections...
[Tue Oct 21 10:27:24 2025] Creating MySQL session...
[Tue Oct 21 10:27:26 2025] MySQL Connection Error: Unable to connect to èà:3306 (Error code: 187679488)
[Tue Oct 21 10:27:26 2025] Failed to create MySQL session
[Tue Oct 21 10:27:53 2025] === Server starting (MySQL Connector/C++ 9.4) ===
[Tue Oct 21 10:27:53 2025] WSAStartup OK
[Tue Oct 21 10:27:53 2025] Socket created
[Tue Oct 21 10:27:53 2025] Bind OK
[Tue Oct 21 10:27:53 2025] Listen OK
[Tue Oct 21 10:27:53 2025] Server ready for connections
[Tue Oct 21 10:27:53 2025] Waiting for connections...
[Tue Oct 21 10:27:56 2025] New connection accepted
[Tue Oct 21 10:27:56 2025] Client thread created successfully
[Tue Oct 21 10:27:56 2025] Waiting for connections...
[Tue Oct 21 10:27:56 2025] ClientHandler thread started
[Tue Oct 21 10:27:56 2025] === MySQL Connection Diagnostic ===
[Tue Oct 21 10:27:56 2025] MySQL driver loaded
[Tue Oct 21 10:27:56 2025] Trying: tcp://127.0.0.1:3306
[Tue Oct 21 10:27:56 2025] Failed: Unable to connect to hã=:3306
[Tue Oct 21 10:27:56 2025] Trying: tcp://localhost:3306
[Tue Oct 21 10:27:56 2025] Failed: Unable to connect to hã=:3306
[Tue Oct 21 10:27:56 2025] ERROR: All connection attempts failed
[Tue Oct 21 10:27:56 2025] Failed to create MySQL session
[Tue Oct 21 10:32:53 2025] === Server starting (MySQL C API) ===
[Tue Oct 21 10:32:53 2025] WSAStartup OK
[Tue Oct 21 10:32:53 2025] Socket created
[Tue Oct 21 10:32:53 2025] Bind OK
[Tue Oct 21 10:32:53 2025] Listen OK
[Tue Oct 21 10:32:53 2025] Server ready for connections
[Tue Oct 21 10:32:53 2025] Waiting for connections...
[Tue Oct 21 10:32:58 2025] New connection accepted
[Tue Oct 21 10:32:58 2025] Client thread created successfully
[Tue Oct 21 10:32:58 2025] Waiting for connections...
[Tue Oct 21 10:32:58 2025] ClientHandler thread started
[Tue Oct 21 10:32:58 2025] Creating MySQL session with C API...
[Tue Oct 21 10:32:58 2025] Attempting MySQL connection...
[Tue Oct 21 10:32:58 2025] MySQL Connection Error: Unknown database 'test_db'
[Tue Oct 21 10:32:58 2025] Failed to create MySQL session
[Tue Oct 21 10:35:51 2025] === Server starting (MySQL C API) ===
[Tue Oct 21 10:35:51 2025] WSAStartup OK
[Tue Oct 21 10:35:51 2025] Socket created
[Tue Oct 21 10:35:51 2025] Bind OK
[Tue Oct 21 10:35:51 2025] Listen OK
[Tue Oct 21 10:35:51 2025] Server ready for connections
[Tue Oct 21 10:35:51 2025] Waiting for connections...
[Tue Oct 21 10:35:59 2025] New connection accepted
[Tue Oct 21 10:35:59 2025] Client thread created successfully
[Tue Oct 21 10:35:59 2025] Waiting for connections...
[Tue Oct 21 10:35:59 2025] ClientHandler thread started
[Tue Oct 21 10:35:59 2025] Creating MySQL session with C API...
[Tue Oct 21 10:35:59 2025] Attempting MySQL connection...
[Tue Oct 21 10:35:59 2025] MySQL connection established successfully
[Tue Oct 21 10:35:59 2025] MySQL session created for client
[Tue Oct 21 10:35:59 2025] Waiting for client data...
[Tue Oct 21 10:36:07 2025] Received query
[Tue Oct 21 10:36:07 2025] Sending response...
[Tue Oct 21 10:36:07 2025] Response sent successfully
[Tue Oct 21 10:36:07 2025] Waiting for client data...
[Tue Oct 21 10:39:04 2025] Received query
[Tue Oct 21 10:39:04 2025] Sending response...
[Tue Oct 21 10:39:04 2025] Response sent successfully
[Tue Oct 21 10:39:04 2025] Waiting for client data...
[Tue Oct 21 10:39:26 2025] Received query
[Tue Oct 21 10:39:26 2025] Sending response...
[Tue Oct 21 10:39:26 2025] Response sent successfully
[Tue Oct 21 10:39:26 2025] Waiting for client data...
[Tue Oct 21 10:39:32 2025] Received query
[Tue Oct 21 10:39:32 2025] Sending response...
[Tue Oct 21 10:39:32 2025] Response sent successfully
[Tue Oct 21 10:39:32 2025] Waiting for client data...
[Tue Oct 21 10:39:59 2025] Received query
[Tue Oct 21 10:39:59 2025] Sending response...
[Tue Oct 21 10:39:59 2025] Response sent successfully
[Tue Oct 21 10:39:59 2025] Waiting for client data...
[Tue Oct 21 10:40:11 2025] Received query
[Tue Oct 21 10:40:11 2025] Sending response...
[Tue Oct 21 10:40:11 2025] Response sent successfully
[Tue Oct 21 10:40:11 2025] Waiting for client data...
[Tue Oct 21 10:40:27 2025] Received query
[Tue Oct 21 10:40:27 2025] Sending response...
[Tue Oct 21 10:40:27 2025] Response sent successfully
[Tue Oct 21 10:40:27 2025] Waiting for client data...
[Tue Oct 21 10:40:46 2025] Received query
[Tue Oct 21 10:40:46 2025] Sending response...
[Tue Oct 21 10:40:46 2025] Response sent successfully
[Tue Oct 21 10:40:46 2025] Waiting for client data...
[Tue Oct 21 10:41:52 2025] Received query
[Tue Oct 21 10:41:52 2025] Sending response...
[Tue Oct 21 10:41:52 2025] Response sent successfully
[Tue Oct 21 10:41:52 2025] Waiting for client data...
[Tue Oct 21 10:43:47 2025] Received query
[Tue Oct 21 10:43:47 2025] Sending response...
[Tue Oct 21 10:43:47 2025] Response sent successfully
[Tue Oct 21 10:43:47 2025] Waiting for client data...
[Tue Oct 21 10:45:44 2025] Received query
[Tue Oct 21 10:45:44 2025] Sending response...
[Tue Oct 21 10:45:44 2025] Response sent successfully
[Tue Oct 21 10:45:44 2025] Waiting for client data...
[Tue Oct 21 10:47:58 2025] Received query
[Tue Oct 21 10:47:58 2025] Sending response...
[Tue Oct 21 10:47:58 2025] Response sent successfully
[Tue Oct 21 10:47:58 2025] Waiting for client data...
[Tue Oct 21 10:48:53 2025] Received query
[Tue Oct 21 10:48:53 2025] Sending response...
[Tue Oct 21 10:48:53 2025] Response sent successfully
[Tue Oct 21 10:48:53 2025] Waiting for client data...
[Tue Oct 21 10:50:35 2025] Received query
[Tue Oct 21 10:50:35 2025] Sending response...
[Tue Oct 21 10:50:35 2025] Response sent successfully
[Tue Oct 21 10:50:35 2025] Waiting for client data...
[Tue Oct 21 11:36:44 2025] Received query
[Tue Oct 21 11:36:44 2025] Sending response...
[Tue Oct 21 11:36:44 2025] Response sent successfully
[Tue Oct 21 11:36:44 2025] Waiting for client data...
[Tue Oct 21 11:36:51 2025] Received query
[Tue Oct 21 11:36:51 2025] Sending response...
[Tue Oct 21 11:36:51 2025] Response sent successfully
[Tue Oct 21 11:36:51 2025] Waiting for client data...
[Tue Oct 21 11:37:01 2025] Received query
[Tue Oct 21 11:37:01 2025] Sending response...
[Tue Oct 21 11:37:01 2025] Response sent successfully
[Tue Oct 21 11:37:01 2025] Waiting for client data...
[Tue Oct 21 11:37:08 2025] Received query
[Tue Oct 21 11:37:08 2025] Sending response...
[Tue Oct 21 11:37:08 2025] Response sent successfully
[Tue Oct 21 11:37:08 2025] Waiting for client data...
[Tue Oct 21 11:37:19 2025] Received query
[Tue Oct 21 11:37:19 2025] Sending response...
[Tue Oct 21 11:37:19 2025] Response sent successfully
[Tue Oct 21 11:37:19 2025] Waiting for client data...
[Tue Oct 21 11:40:14 2025] Received query
[Tue Oct 21 11:40:14 2025] Sending response...
[Tue Oct 21 11:40:14 2025] Response sent successfully
[Tue Oct 21 11:40:14 2025] Waiting for client data...
[Tue Oct 21 11:40:27 2025] Received query
[Tue Oct 21 11:40:27 2025] Sending response...
[Tue Oct 21 11:40:27 2025] Response sent successfully
[Tue Oct 21 11:40:27 2025] Waiting for client data...
[Tue Oct 21 11:48:10 2025] === Server starting (MySQL C API) ===
[Tue Oct 21 11:48:10 2025] WSAStartup OK
[Tue Oct 21 11:48:10 2025] Socket created
[Tue Oct 21 11:48:10 2025] Bind OK
[Tue Oct 21 11:48:10 2025] Listen OK
[Tue Oct 21 11:48:10 2025] Server ready for connections
[Tue Oct 21 11:48:10 2025] Waiting for connections...
[Tue Oct 21 11:48:15 2025] New connection accepted
[Tue Oct 21 11:48:15 2025] Client thread created successfully
[Tue Oct 21 11:48:15 2025] Waiting for connections...
[Tue Oct 21 11:48:15 2025] ClientHandler thread started
[Tue Oct 21 11:48:15 2025] Creating MySQL session with C API...
[Tue Oct 21 11:48:15 2025] Attempting MySQL connection...
[Tue Oct 21 11:48:20 2025] MySQL Connection Error: Host 'DESKTOP-FQOGF3Q' is not allowed to connect to this MySQL server
[Tue Oct 21 11:48:20 2025] Failed to create MySQL session
[Tue Oct 21 12:06:41 2025] === Server starting (MySQL C API) ===
[Tue Oct 21 12:06:41 2025] WSAStartup OK
[Tue Oct 21 12:06:41 2025] Socket created
[Tue Oct 21 12:06:41 2025] Bind OK
[Tue Oct 21 12:06:42 2025] Listen OK
[Tue Oct 21 12:06:42 2025] Server ready for connections
[Tue Oct 21 12:06:42 2025] Waiting for connections...
[Tue Oct 21 12:07:01 2025] New connection accepted
[Tue Oct 21 12:07:01 2025] Client thread created successfully
[Tue Oct 21 12:07:01 2025] ClientHandler thread started
[Tue Oct 21 12:07:01 2025] Creating MySQL session with C API...
[Tue Oct 21 12:07:01 2025] Attempting MySQL connection...
[Tue Oct 21 12:07:01 2025] MySQL connection established successfully
[Tue Oct 21 12:07:01 2025] MySQL session created for client
[Tue Oct 21 12:07:01 2025] Waiting for client data...
[Tue Oct 21 12:07:17 2025] Received query
[Tue Oct 21 12:07:17 2025] Sending response...
[Tue Oct 21 12:07:17 2025] Response sent successfully
[Tue Oct 21 12:07:17 2025] Waiting for client data...
[Tue Oct 21 12:09:03 2025] Read error
[Tue Oct 21 12:09:03 2025] MySQL connection closed
[Tue Oct 21 12:09:03 2025] ClientHandler thread finished
[Tue Oct 21 13:57:02 2025] === Server starting (MySQL C API) ===
[Tue Oct 21 13:57:02 2025] WSAStartup OK
[Tue Oct 21 13:57:02 2025] Socket created
[Tue Oct 21 13:57:02 2025] Bind OK
[Tue Oct 21 13:57:02 2025] Listen OK
[Tue Oct 21 13:57:02 2025] Server ready for connections
[Tue Oct 21 13:57:02 2025] Waiting for connections...
[Tue Oct 21 13:57:42 2025] New connection accepted
[Tue Oct 21 13:57:42 2025] Client thread created successfully
[Tue Oct 21 13:57:42 2025] ClientHandler thread started
[Tue Oct 21 13:57:42 2025] Waiting for connections...
[Tue Oct 21 13:57:42 2025] Creating MySQL session with C API...
[Tue Oct 21 13:57:42 2025] Attempting MySQL connection...
[Tue Oct 21 13:57:42 2025] MySQL connection established successfully
[Tue Oct 21 13:57:42 2025] MySQL session created for client
[Tue Oct 21 13:57:42 2025] Waiting for client data...
[Tue Oct 21 13:58:05 2025] Received query
[Tue Oct 21 13:58:05 2025] Sending response...
[Tue Oct 21 13:58:05 2025] Response sent successfully
[Tue Oct 21 13:58:05 2025] Waiting for client data...
[Tue Oct 21 13:58:55 2025] Received query
[Tue Oct 21 13:58:55 2025] Sending response...
[Tue Oct 21 13:58:55 2025] Response sent successfully
[Tue Oct 21 13:58:55 2025] Waiting for client data...
[Tue Oct 21 13:59:03 2025] Received query
[Tue Oct 21 13:59:03 2025] Sending response...
[Tue Oct 21 13:59:03 2025] Response sent successfully
[Tue Oct 21 13:59:03 2025] Waiting for client data...
[Tue Oct 21 13:59:11 2025] Received query
[Tue Oct 21 13:59:11 2025] Sending response...
[Tue Oct 21 13:59:11 2025] Response sent successfully
[Tue Oct 21 13:59:11 2025] Waiting for client data...
[Tue Oct 21 13:59:18 2025] Received query
[Tue Oct 21 13:59:18 2025] Sending response...
[Tue Oct 21 13:59:18 2025] Response sent successfully
[Tue Oct 21 13:59:18 2025] Waiting for client data...
[Tue Oct 21 14:01:52 2025] Received query
[Tue Oct 21 14:01:52 2025] Sending response...
[Tue Oct 21 14:01:52 2025] Response sent successfully
[Tue Oct 21 14:01:52 2025] Waiting for client data...
[Tue Oct 21 14:02:05 2025] Received query
[Tue Oct 21 14:02:05 2025] Sending response...
[Tue Oct 21 14:02:05 2025] Response sent successfully
[Tue Oct 21 14:02:05 2025] Waiting for client data...
[Tue Oct 21 14:11:20 2025] Received query
[Tue Oct 21 14:11:20 2025] Sending response...
[Tue Oct 21 14:11:20 2025] Response sent successfully
[Tue Oct 21 14:11:20 2025] Waiting for client data...
[Tue Oct 21 14:11:40 2025] Received query
[Tue Oct 21 14:11:40 2025] Sending response...
[Tue Oct 21 14:11:40 2025] Response sent successfully
[Tue Oct 21 14:11:40 2025] Waiting for client data...
[Tue Oct 21 14:11:46 2025] Received query
[Tue Oct 21 14:11:46 2025] Sending response...
[Tue Oct 21 14:11:46 2025] Response sent successfully
[Tue Oct 21 14:11:46 2025] Waiting for client data...
[Tue Oct 21 14:14:42 2025] Client disconnected
[Tue Oct 21 14:14:42 2025] MySQL connection closed
[Tue Oct 21 14:14:42 2025] ClientHandler thread finished
[Tue Nov 11 06:38:35 2025] === Server starting (MySQL C API) ===
[Tue Nov 11 06:38:36 2025] WSAStartup OK
[Tue Nov 11 06:38:36 2025] Socket created
[Tue Nov 11 06:38:36 2025] Bind OK
[Tue Nov 11 06:38:36 2025] Listen OK
[Tue Nov 11 06:38:36 2025] Server ready for connections
[Tue Nov 11 06:38:36 2025] Waiting for connections...
[Tue Nov 11 06:39:44 2025] New connection accepted
[Tue Nov 11 06:39:44 2025] Client thread created successfully
[Tue Nov 11 06:39:44 2025] ClientHandler thread started
[Tue Nov 11 06:39:44 2025] Waiting for connections...
[Tue Nov 11 06:39:44 2025] Creating MySQL session with C API...
[Tue Nov 11 06:39:44 2025] Attempting MySQL connection...
[Tue Nov 11 06:39:45 2025] MySQL connection established successfully
[Tue Nov 11 06:39:45 2025] MySQL session created for client
[Tue Nov 11 06:39:45 2025] Waiting for client data...
[Tue Nov 11 06:40:02 2025] Received query
[Tue Nov 11 06:40:02 2025] Sending response...
[Tue Nov 11 06:40:02 2025] Response sent successfully
[Tue Nov 11 06:40:02 2025] Waiting for client data...
[Tue Nov 11 06:40:33 2025] Received query
[Tue Nov 11 06:40:33 2025] Sending response...
[Tue Nov 11 06:40:33 2025] Response sent successfully
[Tue Nov 11 06:40:33 2025] Waiting for client data...
[Tue Nov 11 06:41:57 2025] Read error
[Tue Nov 11 06:41:57 2025] MySQL connection closed
[Tue Nov 11 06:41:57 2025] ClientHandler thread finished
[Tue Nov 11 06:44:47 2025] === Server starting (MySQL C API) ===
[Tue Nov 11 06:44:47 2025] WSAStartup OK
[Tue Nov 11 06:44:47 2025] Socket created
[Tue Nov 11 06:44:47 2025] Bind OK
[Tue Nov 11 06:44:47 2025] Listen OK
[Tue Nov 11 06:44:47 2025] Server ready for connections
[Tue Nov 11 06:44:47 2025] Waiting for connections...
[Tue Nov 11 06:45:17 2025] New connection accepted
[Tue Nov 11 06:45:17 2025] Client thread created successfully
[Tue Nov 11 06:45:17 2025] ClientHandler thread started
[Tue Nov 11 06:45:17 2025] Waiting for connections...
[Tue Nov 11 06:45:17 2025] Creating MySQL session with C API...
[Tue Nov 11 06:45:17 2025] Attempting MySQL connection...
[Tue Nov 11 06:45:17 2025] MySQL connection established successfully
[Tue Nov 11 06:45:17 2025] MySQL session created for client
[Tue Nov 11 06:45:17 2025] Waiting for client data...
[Tue Nov 11 06:45:17 2025] Received query
[Tue Nov 11 06:45:17 2025] Sending response...
[Tue Nov 11 06:45:17 2025] Response sent successfully
[Tue Nov 11 06:45:17 2025] Waiting for client data...
[Tue Nov 11 06:45:31 2025] Received query
[Tue Nov 11 06:45:31 2025] Sending response...
[Tue Nov 11 06:45:31 2025] Response sent successfully
[Tue Nov 11 06:45:31 2025] Waiting for client data...
[Tue Nov 11 06:46:08 2025] Received query
[Tue Nov 11 06:46:08 2025] Sending response...
[Tue Nov 11 06:46:08 2025] Response sent successfully
[Tue Nov 11 06:46:08 2025] Waiting for client data...
[Tue Nov 11 06:46:21 2025] Received query
[Tue Nov 11 06:46:21 2025] Sending response...
[Tue Nov 11 06:46:21 2025] Response sent successfully
[Tue Nov 11 06:46:21 2025] Waiting for client data...
[Tue Nov 11 06:48:04 2025] Received query
[Tue Nov 11 06:48:04 2025] Sending response...
[Tue Nov 11 06:48:04 2025] Response sent successfully
[Tue Nov 11 06:48:04 2025] Waiting for client data...
[Tue Nov 11 06:48:13 2025] Received query
[Tue Nov 11 06:48:13 2025] Sending response...
[Tue Nov 11 06:48:13 2025] Response sent successfully
[Tue Nov 11 06:48:13 2025] Waiting for client data...
[Tue Nov 11 06:50:58 2025] Client disconnected
[Tue Nov 11 06:50:58 2025] MySQL connection closed
[Tue Nov 11 06:50:58 2025] ClientHandler thread finished
[Tue Nov 11 07:00:30 2025] === Server starting (MySQL C API) ===
[Tue Nov 11 07:00:30 2025] WSAStartup OK
[Tue Nov 11 07:00:30 2025] Socket created
[Tue Nov 11 07:00:30 2025] Bind OK
[Tue Nov 11 07:00:30 2025] Listen OK
[Tue Nov 11 07:00:30 2025] Server ready for connections
[Tue Nov 11 07:00:30 2025] Waiting for connections...
[Tue Nov 11 07:00:45 2025] New connection accepted
[Tue Nov 11 07:00:45 2025] Client thread created successfully
[Tue Nov 11 07:00:45 2025] ClientHandler thread started
[Tue Nov 11 07:00:45 2025] Waiting for connections...
[Tue Nov 11 07:00:45 2025] Creating MySQL session with C API...
[Tue Nov 11 07:00:45 2025] Attempting MySQL connection...
[Tue Nov 11 07:00:45 2025] MySQL connection established successfully
[Tue Nov 11 07:00:45 2025] MySQL session created for client
[Tue Nov 11 07:00:45 2025] Waiting for client data...
[Tue Nov 11 07:00:45 2025] Received query
[Tue Nov 11 07:00:45 2025] Sending response...
[Tue Nov 11 07:00:45 2025] Response sent successfully
[Tue Nov 11 07:00:45 2025] Waiting for client data...
[Tue Nov 11 07:00:50 2025] Received query
[Tue Nov 11 07:00:50 2025] Sending response...
[Tue Nov 11 07:00:50 2025] Response sent successfully
[Tue Nov 11 07:00:50 2025] Waiting for client data...
[Tue Nov 11 07:07:52 2025] === Server starting (MySQL C API) ===
[Tue Nov 11 07:07:52 2025] WSAStartup OK
[Tue Nov 11 07:07:52 2025] Socket created
[Tue Nov 11 07:07:52 2025] Bind OK
[Tue Nov 11 07:07:52 2025] Listen OK
[Tue Nov 11 07:07:52 2025] Server ready for connections
[Tue Nov 11 07:07:52 2025] Waiting for connections...
[Tue Nov 11 07:08:09 2025] New connection accepted
[Tue Nov 11 07:08:09 2025] Client thread created successfully
[Tue Nov 11 07:08:09 2025] ClientHandler thread started
[Tue Nov 11 07:08:09 2025] Waiting for connections...
[Tue Nov 11 07:08:09 2025] Creating MySQL session with C API...
[Tue Nov 11 07:08:09 2025] Attempting MySQL connection...
[Tue Nov 11 07:08:09 2025] MySQL connection established successfully
[Tue Nov 11 07:08:09 2025] MySQL session created for client
[Tue Nov 11 07:08:09 2025] Waiting for client data...
[Tue Nov 11 07:08:09 2025] Received query
[Tue Nov 11 07:08:09 2025] Sending response...
[Tue Nov 11 07:08:09 2025] Response sent successfully
[Tue Nov 11 07:08:09 2025] Waiting for client data...
[Tue Nov 11 07:08:13 2025] Received query
[Tue Nov 11 07:08:13 2025] Sending response...
[Tue Nov 11 07:08:13 2025] Response sent successfully
[Tue Nov 11 07:08:13 2025] Waiting for client data...
[Tue Nov 11 07:12:14 2025] Received query
[Tue Nov 11 07:12:14 2025] Sending response...
[Tue Nov 11 07:12:14 2025] Response sent successfully
[Tue Nov 11 07:12:14 2025] Waiting for client data...
[Tue Nov 11 07:12:34 2025] Received query
[Tue Nov 11 07:12:34 2025] Sending response...
[Tue Nov 11 07:12:34 2025] Response sent successfully
[Tue Nov 11 07:12:34 2025] Waiting for client data...
[Tue Nov 11 07:13:06 2025] Received query
[Tue Nov 11 07:13:06 2025] Sending response...
[Tue Nov 11 07:13:06 2025] Response sent successfully
[Tue Nov 11 07:13:06 2025] Waiting for client data...
[Tue Nov 11 07:13:22 2025] Received query
[Tue Nov 11 07:13:22 2025] Sending response...
[Tue Nov 11 07:13:22 2025] Response sent successfully
[Tue Nov 11 07:13:22 2025] Waiting for client data...
[Tue Nov 11 07:13:37 2025] Received query
[Tue Nov 11 07:13:37 2025] Sending response...
[Tue Nov 11 07:13:37 2025] Response sent successfully
[Tue Nov 11 07:13:37 2025] Waiting for client data...
[Tue Nov 11 07:13:51 2025] Received query
[Tue Nov 11 07:13:51 2025] Sending response...
[Tue Nov 11 07:13:51 2025] Response sent successfully
[Tue Nov 11 07:13:51 2025] Waiting for client data...
[Tue Nov 11 07:14:11 2025] Received query
[Tue Nov 11 07:14:11 2025] Sending response...
[Tue Nov 11 07:14:11 2025] Response sent successfully
[Tue Nov 11 07:14:11 2025] Waiting for client data...
[Tue Nov 11 07:14:21 2025] Received query
[Tue Nov 11 07:14:21 2025] Sending response...
[Tue Nov 11 07:14:21 2025] Response sent successfully
[Tue Nov 11 07:14:21 2025] Waiting for client data...
[Tue Nov 11 07:14:28 2025] Received query
[Tue Nov 11 07:14:28 2025] Sending response...
[Tue Nov 11 07:14:28 2025] Response sent successfully
[Tue Nov 11 07:14:28 2025] Waiting for client data...
[Tue Nov 11 07:14:28 2025] Received query
[Tue Nov 11 07:14:28 2025] Sending response...
[Tue Nov 11 07:14:28 2025] Response sent successfully
[Tue Nov 11 07:14:28 2025] Waiting for client data...
[Tue Nov 11 07:27:41 2025] Client disconnected
[Tue Nov 11 07:27:41 2025] MySQL connection closed
[Tue Nov 11 07:27:41 2025] ClientHandler thread finished
[Tue Nov 11 07:29:47 2025] === Server starting (MySQL C API) ===
[Tue Nov 11 07:29:47 2025] WSAStartup OK
[Tue Nov 11 07:29:47 2025] Socket created
[Tue Nov 11 07:29:47 2025] Bind OK
[Tue Nov 11 07:29:47 2025] Listen OK
[Tue Nov 11 07:29:47 2025] Server ready for connections
[Tue Nov 11 07:29:47 2025] Waiting for connections...
[Tue Nov 11 07:30:44 2025] New connection accepted
[Tue Nov 11 07:30:44 2025] Client thread created successfully
[Tue Nov 11 07:30:44 2025] ClientHandler thread started
[Tue Nov 11 07:30:44 2025] Waiting for connections...
[Tue Nov 11 07:30:44 2025] Creating MySQL session with C API...
[Tue Nov 11 07:30:44 2025] Attempting MySQL connection...
[Tue Nov 11 07:30:44 2025] MySQL connection established successfully
[Tue Nov 11 07:30:44 2025] MySQL session created for client
[Tue Nov 11 07:30:44 2025] Waiting for client data...
[Tue Nov 11 07:30:44 2025] Received query
[Tue Nov 11 07:30:44 2025] Sending response...
[Tue Nov 11 07:30:44 2025] Response sent successfully
[Tue Nov 11 07:30:44 2025] Waiting for client data...
[Tue Nov 11 07:30:51 2025] Received query
[Tue Nov 11 07:30:51 2025] Sending response...
[Tue Nov 11 07:30:51 2025] Response sent successfully
[Tue Nov 11 07:30:51 2025] Waiting for client data...
[Tue Nov 11 07:31:39 2025] Received query
[Tue Nov 11 07:31:39 2025] Sending response...
[Tue Nov 11 07:31:39 2025] Response sent successfully
[Tue Nov 11 07:31:39 2025] Waiting for client data...
[Tue Nov 11 07:33:00 2025] Read error
[Tue Nov 11 07:33:00 2025] MySQL connection closed
[Tue Nov 11 07:33:00 2025] ClientHandler thread finished
[Tue Nov 11 07:33:07 2025] === Server starting (MySQL C API) ===
[Tue Nov 11 07:33:07 2025] WSAStartup OK
[Tue Nov 11 07:33:07 2025] Socket created
[Tue Nov 11 07:33:07 2025] Bind OK
[Tue Nov 11 07:33:07 2025] Listen OK
[Tue Nov 11 07:33:07 2025] Server ready for connections
[Tue Nov 11 07:33:07 2025] Waiting for connections...
[Tue Nov 11 07:33:28 2025] New connection accepted
[Tue Nov 11 07:33:28 2025] Client thread created successfully
[Tue Nov 11 07:33:28 2025] ClientHandler thread started
[Tue Nov 11 07:33:28 2025] Waiting for connections...
[Tue Nov 11 07:33:28 2025] Creating MySQL session with C API...
[Tue Nov 11 07:33:28 2025] Attempting MySQL connection...
[Tue Nov 11 07:33:28 2025] MySQL connection established successfully
[Tue Nov 11 07:33:28 2025] MySQL session created for client
[Tue Nov 11 07:33:28 2025] Waiting for client data...
[Tue Nov 11 07:33:28 2025] Received query
[Tue Nov 11 07:33:28 2025] Sending response...
[Tue Nov 11 07:33:28 2025] Response sent successfully
[Tue Nov 11 07:33:28 2025] Waiting for client data...
[Tue Nov 11 07:33:31 2025] Received query
[Tue Nov 11 07:33:31 2025] Sending response...
[Tue Nov 11 07:33:31 2025] Response sent successfully
[Tue Nov 11 07:33:31 2025] Waiting for client data...
[Tue Nov 11 07:33:37 2025] Received query
[Tue Nov 11 07:33:37 2025] Sending response...
[Tue Nov 11 07:33:37 2025] Response sent successfully
[Tue Nov 11 07:33:37 2025] Waiting for client data...
[Tue Nov 11 07:35:24 2025] Received query
[Tue Nov 11 07:35:24 2025] Sending response...
[Tue Nov 11 07:35:24 2025] Response sent successfully
[Tue Nov 11 07:35:24 2025] Waiting for client data...
[Tue Nov 11 07:35:45 2025] Received query
[Tue Nov 11 07:35:45 2025] Sending response...
[Tue Nov 11 07:35:45 2025] Response sent successfully
[Tue Nov 11 07:35:45 2025] Waiting for client data...
[Tue Nov 11 07:35:56 2025] Received query
[Tue Nov 11 07:35:56 2025] Sending response...
[Tue Nov 11 07:35:56 2025] Response sent successfully
[Tue Nov 11 07:35:56 2025] Waiting for client data...
[Tue Nov 11 07:36:43 2025] Received query
[Tue Nov 11 07:36:43 2025] Sending response...
[Tue Nov 11 07:36:43 2025] Response sent successfully
[Tue Nov 11 07:36:43 2025] Waiting for client data...
[Tue Nov 11 07:38:04 2025] Received query
[Tue Nov 11 07:38:05 2025] Sending response...
[Tue Nov 11 07:38:05 2025] Response sent successfully
[Tue Nov 11 07:38:05 2025] Waiting for client data...
[Tue Nov 11 07:38:14 2025] Received query
[Tue Nov 11 07:38:14 2025] Sending response...
[Tue Nov 11 07:38:14 2025] Response sent successfully
[Tue Nov 11 07:38:14 2025] Waiting for client data...
[Tue Nov 11 07:43:06 2025] Received query
[Tue Nov 11 07:43:06 2025] Sending response...
[Tue Nov 11 07:43:06 2025] Response sent successfully
[Tue Nov 11 07:43:06 2025] Waiting for client data...
[Tue Nov 11 07:43:13 2025] Received query
[Tue Nov 11 07:43:13 2025] Sending response...
[Tue Nov 11 07:43:13 2025] Response sent successfully
[Tue Nov 11 07:43:13 2025] Waiting for client data...
[Tue Nov 11 07:43:21 2025] Read error
[Tue Nov 11 07:43:21 2025] MySQL connection closed
[Tue Nov 11 07:43:21 2025] ClientHandler thread finished
[Tue Nov 11 07:43:28 2025] === Server starting (MySQL C API) ===
[Tue Nov 11 07:43:28 2025] WSAStartup OK
[Tue Nov 11 07:43:28 2025] Socket created
[Tue Nov 11 07:43:28 2025] Bind OK
[Tue Nov 11 07:43:28 2025] Listen OK
[Tue Nov 11 07:43:28 2025] Server ready for connections
[Tue Nov 11 07:43:28 2025] Waiting for connections...
[Tue Nov 11 07:43:43 2025] New connection accepted
[Tue Nov 11 07:43:43 2025] Client thread created successfully
[Tue Nov 11 07:43:43 2025] ClientHandler thread started
[Tue Nov 11 07:43:43 2025] Waiting for connections...
[Tue Nov 11 07:43:43 2025] Creating MySQL session with C API...
[Tue Nov 11 07:43:43 2025] Attempting MySQL connection...
[Tue Nov 11 07:43:43 2025] MySQL connection established successfully
[Tue Nov 11 07:43:43 2025] MySQL session created for client
[Tue Nov 11 07:43:43 2025] Waiting for client data...
[Tue Nov 11 07:43:43 2025] Received query
[Tue Nov 11 07:43:43 2025] Sending response...
[Tue Nov 11 07:43:43 2025] Response sent successfully
[Tue Nov 11 07:43:43 2025] Waiting for client data...
[Tue Nov 11 07:43:48 2025] Received query
[Tue Nov 11 07:43:48 2025] Sending response...
[Tue Nov 11 07:43:48 2025] Response sent successfully
[Tue Nov 11 07:43:48 2025] Waiting for client data...
[Tue Nov 11 07:43:57 2025] Received query
[Tue Nov 11 07:43:57 2025] Sending response...
[Tue Nov 11 07:43:57 2025] Response sent successfully
[Tue Nov 11 07:43:57 2025] Waiting for client data...
[Tue Nov 11 07:44:15 2025] Received query
[Tue Nov 11 07:44:15 2025] Sending response...
[Tue Nov 11 07:44:15 2025] Response sent successfully
[Tue Nov 11 07:44:15 2025] Waiting for client data...
[Tue Nov 11 07:44:21 2025] Received query
[Tue Nov 11 07:44:21 2025] Sending response...
[Tue Nov 11 07:44:21 2025] Response sent successfully
[Tue Nov 11 07:44:21 2025] Waiting for client data...
[Tue Nov 11 07:45:05 2025] Received query
[Tue Nov 11 07:45:05 2025] Sending response...
[Tue Nov 11 07:45:05 2025] Response sent successfully
[Tue Nov 11 07:45:05 2025] Waiting for client data...
[Tue Nov 11 07:45:26 2025] Received query
[Tue Nov 11 07:45:26 2025] Sending response...
[Tue Nov 11 07:45:26 2025] Response sent successfully
[Tue Nov 11 07:45:26 2025] Waiting for client data...
[Tue Nov 11 07:46:18 2025] Received query
[Tue Nov 11 07:46:18 2025] Sending response...
[Tue Nov 11 07:46:18 2025] Response sent successfully
[Tue Nov 11 07:46:18 2025] Waiting for client data...
[Tue Nov 11 07:46:25 2025] Received query
[Tue Nov 11 07:46:25 2025] Sending response...
[Tue Nov 11 07:46:25 2025] Response sent successfully
[Tue Nov 11 07:46:25 2025] Waiting for client data...
[Tue Nov 11 07:46:25 2025] Received query
[Tue Nov 11 07:46:25 2025] Sending response...
[Tue Nov 11 07:46:25 2025] Response sent successfully
[Tue Nov 11 07:46:25 2025] Waiting for client data...
[Tue Nov 11 08:56:22 2025] ----- Server starting (MySQL C API) -----
[Tue Nov 11 08:56:22 2025] WSAStartup OK
[Tue Nov 11 08:56:22 2025] Socket created
[Tue Nov 11 08:56:22 2025] Bind OK
[Tue Nov 11 08:56:22 2025] Listen OK
[Tue Nov 11 08:56:22 2025] Server ready for connections
[Tue Nov 11 08:56:22 2025] Waiting for connections...
[Tue Nov 11 08:56:47 2025] New connection accepted
[Tue Nov 11 08:56:47 2025] Client thread created successfully
[Tue Nov 11 08:56:47 2025] ClientHandler thread started
[Tue Nov 11 08:56:47 2025] Waiting for connections...
[Tue Nov 11 08:56:47 2025] Creating MySQL session with C API...
[Tue Nov 11 08:56:47 2025] Attempting MySQL connection...
[Tue Nov 11 08:56:47 2025] MySQL connection established successfully
[Tue Nov 11 08:56:47 2025] MySQL session created for client
[Tue Nov 11 08:56:47 2025] Waiting for client data...
[Tue Nov 11 08:56:47 2025] Received query
[Tue Nov 11 08:56:47 2025] Sending response...
[Tue Nov 11 08:56:47 2025] Response sent successfully
[Tue Nov 11 08:56:47 2025] Waiting for client data...
[Tue Nov 11 08:56:50 2025] Received query
[Tue Nov 11 08:56:50 2025] Sending response...
[Tue Nov 11 08:56:50 2025] Response sent successfully
[Tue Nov 11 08:56:50 2025] Waiting for client data...
[Tue Nov 11 08:56:55 2025] Received query
[Tue Nov 11 08:56:55 2025] Sending response...
[Tue Nov 11 08:56:55 2025] Response sent successfully
[Tue Nov 11 08:56:55 2025] Waiting for client data...
[Tue Nov 11 08:57:02 2025] Received query
[Tue Nov 11 08:57:02 2025] Sending response...
[Tue Nov 11 08:57:02 2025] Response sent successfully
[Tue Nov 11 08:57:02 2025] Waiting for client data...
[Tue Nov 11 08:57:10 2025] Received query
[Tue Nov 11 08:57:10 2025] Sending response...
[Tue Nov 11 08:57:10 2025] Response sent successfully
[Tue Nov 11 08:57:10 2025] Waiting for client data...
[Tue Nov 11 08:57:10 2025] Received query
[Tue Nov 11 08:57:10 2025] Sending response...
[Tue Nov 11 08:57:10 2025] Response sent successfully
[Tue Nov 11 08:57:10 2025] Waiting for client data...
[Tue Nov 11 08:57:28 2025] Received query
[Tue Nov 11 08:57:28 2025] Sending response...
[Tue Nov 11 08:57:28 2025] Response sent successfully
[Tue Nov 11 08:57:28 2025] Waiting for client data...
[Tue Nov 11 08:57:33 2025] Received query
[Tue Nov 11 08:57:33 2025] Sending response...
[Tue Nov 11 08:57:33 2025] Response sent successfully
[Tue Nov 11 08:57:33 2025] Waiting for client data...
[Tue Nov 11 08:57:50 2025] Received query
[Tue Nov 11 08:57:50 2025] Sending response...
[Tue Nov 11 08:57:50 2025] Response sent successfully
[Tue Nov 11 08:57:50 2025] Waiting for client data...
[Tue Nov 11 08:57:55 2025] Received query
[Tue Nov 11 08:57:55 2025] Sending response...
[Tue Nov 11 08:57:55 2025] Response sent successfully
[Tue Nov 11 08:57:55 2025] Waiting for client data...
[Tue Nov 11 09:07:55 2025] ----- Server starting (MySQL C API) -----
[Tue Nov 11 09:07:55 2025] WSAStartup OK
[Tue Nov 11 09:07:55 2025] Socket created
[Tue Nov 11 09:07:55 2025] Bind OK
[Tue Nov 11 09:07:55 2025] Listen OK
[Tue Nov 11 09:07:55 2025] Server ready for connections
[Tue Nov 11 09:07:55 2025] Waiting for connections...
[Tue Nov 11 09:08:08 2025] New connection accepted
[Tue Nov 11 09:08:08 2025] Client thread created successfully
[Tue Nov 11 09:08:08 2025] ClientHandler thread started
[Tue Nov 11 09:08:08 2025] Creating MySQL session with C API...
[Tue Nov 11 09:08:08 2025] Attempting MySQL connection...
[Tue Nov 11 09:08:08 2025] MySQL connection established successfully
[Tue Nov 11 09:08:08 2025] MySQL session created for client
[Tue Nov 11 09:08:08 2025] Waiting for client data...
[Tue Nov 11 09:08:08 2025] Received query
[Tue Nov 11 09:08:08 2025] Sending response...
[Tue Nov 11 09:08:08 2025] Response sent successfully
[Tue Nov 11 09:08:08 2025] Waiting for client data...
[Tue Nov 11 09:08:11 2025] Received query
[Tue Nov 11 09:08:11 2025] Sending response...
[Tue Nov 11 09:08:11 2025] Response sent successfully
[Tue Nov 11 09:08:11 2025] Waiting for client data...
[Tue Nov 11 09:08:18 2025] Received query
[Tue Nov 11 09:08:18 2025] Sending response...
[Tue Nov 11 09:08:18 2025] Response sent successfully
[Tue Nov 11 09:08:18 2025] Waiting for client data...
[Tue Nov 11 09:08:28 2025] Received query
[Tue Nov 11 09:08:28 2025] Sending response...
[Tue Nov 11 09:08:28 2025] Response sent successfully
[Tue Nov 11 09:08:28 2025] Waiting for client data...
[Tue Nov 11 09:08:32 2025] Client disconnected
[Tue Nov 11 09:08:32 2025] MySQL connection closed
[Tue Nov 11 09:08:32 2025] ClientHandler thread finished
[Tue Nov 11 13:50:56 2025] ----- Server starting (MySQL C API) -----
[Tue Nov 11 13:50:56 2025] WSAStartup OK
[Tue Nov 11 13:50:56 2025] Socket created
[Tue Nov 11 13:50:56 2025] Bind OK
[Tue Nov 11 13:50:56 2025] Listen OK
[Tue Nov 11 13:50:56 2025] Server ready for connections
[Tue Nov 11 13:50:56 2025] Waiting for connections...
[Tue Nov 11 13:52:20 2025] New connection accepted
[Tue Nov 11 13:52:20 2025] Client thread created successfully
[Tue Nov 11 13:52:20 2025] ClientHandler thread started
[Tue Nov 11 13:52:20 2025] Waiting for connections...
[Tue Nov 11 13:52:20 2025] Creating MySQL session with C API...
[Tue Nov 11 13:52:20 2025] Attempting MySQL connection...
[Tue Nov 11 13:52:20 2025] MySQL connection established successfully
[Tue Nov 11 13:52:20 2025] MySQL session created for client
[Tue Nov 11 13:52:20 2025] Waiting for client data...
[Tue Nov 11 13:52:20 2025] Received query
[Tue Nov 11 13:52:20 2025] Sending response...
[Tue Nov 11 13:52:20 2025] Response sent successfully
[Tue Nov 11 13:52:20 2025] Waiting for client data...
[Tue Nov 11 13:52:40 2025] Received query
[Tue Nov 11 13:52:40 2025] Sending response...
[Tue Nov 11 13:52:40 2025] Response sent successfully
[Tue Nov 11 13:52:40 2025] Waiting for client data...
[Tue Nov 11 13:52:58 2025] Received query
[Tue Nov 11 13:52:58 2025] Sending response...
[Tue Nov 11 13:52:58 2025] Response sent successfully
[Tue Nov 11 13:52:58 2025] Waiting for client data...
[Tue Nov 11 13:53:06 2025] Received query
[Tue Nov 11 13:53:06 2025] Sending response...
[Tue Nov 11 13:53:06 2025] Response sent successfully
[Tue Nov 11 13:53:06 2025] Waiting for client data...
[Tue Nov 11 13:53:19 2025] Received query
[Tue Nov 11 13:53:19 2025] Sending response...
[Tue Nov 11 13:53:19 2025] Response sent successfully
[Tue Nov 11 13:53:19 2025] Waiting for client data...
[Tue Nov 11 13:53:26 2025] Received query
[Tue Nov 11 13:53:26 2025] Sending response...
[Tue Nov 11 13:53:26 2025] Response sent successfully
[Tue Nov 11 13:53:26 2025] Waiting for client data...
[Tue Nov 11 13:53:35 2025] Received query
[Tue Nov 11 13:53:35 2025] Sending response...
[Tue Nov 11 13:53:35 2025] Response sent successfully
[Tue Nov 11 13:53:35 2025] Waiting for client data...
[Tue Nov 11 13:53:42 2025] Received query
[Tue Nov 11 13:53:42 2025] Sending response...
[Tue Nov 11 13:53:42 2025] Response sent successfully
[Tue Nov 11 13:53:42 2025] Waiting for client data...
[Tue Nov 11 13:53:46 2025] Received query
[Tue Nov 11 13:53:46 2025] Sending response...
[Tue Nov 11 13:53:46 2025] Response sent successfully
[Tue Nov 11 13:53:46 2025] Waiting for client data...
[Tue Nov 11 13:53:46 2025] Received query
[Tue Nov 11 13:53:46 2025] Sending response...
[Tue Nov 11 13:53:46 2025] Response sent successfully
[Tue Nov 11 13:53:46 2025] Waiting for client data...
[Tue Nov 11 14:29:07 2025] Received query
[Tue Nov 11 14:29:07 2025] Sending response...
[Tue Nov 11 14:29:07 2025] Response sent successfully
[Tue Nov 11 14:29:07 2025] Waiting for client data...
[Tue Nov 11 14:41:43 2025] Read error
[Tue Nov 11 14:41:43 2025] MySQL connection closed
[Tue Nov 11 14:41:43 2025] ClientHandler thread finished
[Tue Nov 11 14:42:04 2025] ----- Server starting (MySQL C API) -----
[Tue Nov 11 14:42:04 2025] WSAStartup OK
[Tue Nov 11 14:42:04 2025] Socket created
[Tue Nov 11 14:42:04 2025] Bind OK
[Tue Nov 11 14:42:04 2025] Listen OK
[Tue Nov 11 14:42:04 2025] Server ready for connections
[Tue Nov 11 14:42:04 2025] Waiting for connections...
[Tue Nov 11 14:42:13 2025] New connection accepted
[Tue Nov 11 14:42:13 2025] Client thread created successfully
[Tue Nov 11 14:42:13 2025] ClientHandler thread started
[Tue Nov 11 14:42:13 2025] Waiting for connections...
[Tue Nov 11 14:42:13 2025] Creating MySQL session with C API...
[Tue Nov 11 14:42:13 2025] Attempting MySQL connection...
[Tue Nov 11 14:42:13 2025] MySQL connection established successfully
[Tue Nov 11 14:42:13 2025] MySQL session created for client
[Tue Nov 11 14:42:13 2025] Waiting for client data...
[Tue Nov 11 14:42:13 2025] Received query
[Tue Nov 11 14:42:13 2025] Sending response...
[Tue Nov 11 14:42:13 2025] Response sent successfully
[Tue Nov 11 14:42:13 2025] Waiting for client data...
[Tue Nov 11 14:42:14 2025] Received query
[Tue Nov 11 14:42:14 2025] Sending response...
[Tue Nov 11 14:42:14 2025] Response sent successfully
[Tue Nov 11 14:42:14 2025] Waiting for client data...
[Tue Nov 11 14:42:30 2025] Received query
[Tue Nov 11 14:42:30 2025] Sending response...
[Tue Nov 11 14:42:30 2025] Response sent successfully
[Tue Nov 11 14:42:30 2025] Waiting for client data...
[Tue Nov 11 14:42:40 2025] Received query
[Tue Nov 11 14:42:40 2025] Sending response...
[Tue Nov 11 14:42:40 2025] Response sent successfully
[Tue Nov 11 14:42:40 2025] Waiting for client data...
[Tue Nov 11 14:42:45 2025] Received query
[Tue Nov 11 14:42:45 2025] Sending response...
[Tue Nov 11 14:42:45 2025] Response sent successfully
[Tue Nov 11 14:42:45 2025] Waiting for client data...
[Tue Nov 11 14:53:22 2025] Read error
[Tue Nov 11 14:53:22 2025] MySQL connection closed
[Tue Nov 11 14:53:22 2025] ClientHandler thread finished
